<?xml version="1.0" encoding="UTF-8"?>
<!-- Generated by org.testng.reporters.JUnitReportReporter -->
<testsuite hostname="UmaM" failures="0" tests="5" name="testCases.TC_AuditCreate1" time="26.152" errors="0" timestamp="2025-07-28T17:25:48 IST" skipped="0">
  <testcase classname="testCases.TC_AuditCreate1" name="testRegister" time="1.036"/>
  <testcase classname="testCases.TC_AuditCreate1" name="testLogin" time="1.383"/>
  <testcase classname="testCases.TC_AuditCreate1" name="testGoToDashboard" time="1.259"/>
  <testcase classname="testCases.TC_AuditCreate1" name="testFillCreateAuditForm" time="14.869"/>
  <testcase classname="testCases.TC_AuditCreate1" name="testClickCreateAndConfirm" time="7.605"/>
</testsuite> <!-- testCases.TC_AuditCreate1 -->
