<?xml version="1.0" encoding="UTF-8"?>
<!-- Generated by org.testng.reporters.JUnitReportReporter -->
<testsuite hostname="UmaM" failures="0" tests="1" name="testCases.fullTest" time="24.060" errors="0" timestamp="2025-07-30T10:23:58 IST" skipped="0">
  <testcase classname="testCases.fullTest" name="testFullAuditFlowFromExcel" time="24.060"/>
</testsuite> <!-- testCases.fullTest -->
