<?xml version="1.0" encoding="UTF-8"?>
<!-- Generated by org.testng.reporters.JUnitReportReporter -->
<testsuite hostname="UmaM" failures="0" tests="1" name="testBase.TC_AuditCreate" time="15.298" errors="0" timestamp="2025-07-25T12:33:06 IST" skipped="0">
  <testcase classname="testBase.TC_AuditCreate" name="testAuditEndToEndFlow" time="15.298"/>
</testsuite> <!-- testBase.TC_AuditCreate -->
