<?xml version="1.0" encoding="UTF-8"?>
<!-- Generated by org.testng.reporters.JUnitReportReporter -->
<testsuite hostname="UmaM" failures="0" tests="5" name="AuditFeedback.fullAuditFeedback" time="18.272" errors="0" timestamp="2025-08-12T10:05:04 IST" skipped="0">
  <testcase classname="AuditFeedback.fullAuditFeedback" name="launchBrowserAndLogin" time="6.632"/>
  <testcase classname="AuditFeedback.fullAuditFeedback" name="navigateToUpcomingAudits" time="0.684"/>
  <testcase classname="AuditFeedback.fullAuditFeedback" name="openAuditFromList" time="0.750"/>
  <testcase classname="AuditFeedback.fullAuditFeedback" name="giveFeedbackAndComplete" time="9.182"/>
  <testcase classname="AuditFeedback.fullAuditFeedback" name="goToCompletedAuditsAndExport" time="1.024"/>
</testsuite> <!-- AuditFeedback.fullAuditFeedback -->
