<?xml version="1.0" encoding="UTF-8"?>
<!-- Generated by org.testng.reporters.JUnitReportReporter -->
<testsuite hostname="UmaM" failures="0" tests="1" name="testCases.DashboardTest" time="0.960" errors="0" timestamp="2025-07-29T14:13:15 IST" skipped="0">
  <testcase classname="testCases.DashboardTest" name="testNavigateToAuditPage" time="0.960"/>
</testsuite> <!-- testCases.DashboardTest -->
