<?xml version="1.0" encoding="UTF-8"?>
<!-- Generated by org.testng.reporters.JUnitReportReporter -->
<testsuite hostname="UmaM" failures="0" tests="4" name="testCases.FullAuditFlowSplit" time="20.966" errors="0" timestamp="2025-07-30T11:34:35 IST" skipped="0">
  <testcase classname="testCases.FullAuditFlowSplit" name="goToDashboard" time="1.114"/>
  <testcase classname="testCases.FullAuditFlowSplit" name="registerUser" time="1.797"/>
  <testcase classname="testCases.FullAuditFlowSplit" name="createAudit" time="16.959"/>
  <testcase classname="testCases.FullAuditFlowSplit" name="loginUser" time="1.096"/>
</testsuite> <!-- testCases.FullAuditFlowSplit -->
