<?xml version="1.0" encoding="UTF-8"?>
<!-- Generated by org.testng.reporters.JUnitReportReporter -->
<testsuite hostname="UmaM" failures="0" tests="1" name="testCases.RegisterLoginTest" time="0.027" errors="0" timestamp="2025-07-29T18:34:51 IST" skipped="0">
  <testcase classname="testCases.RegisterLoginTest" name="testRegisterAndLoginFromExcel" time="0.027"/>
</testsuite> <!-- testCases.RegisterLoginTest -->
