<?xml version="1.0" encoding="UTF-8"?>
<!-- Generated by org.testng.reporters.JUnitReportReporter -->
<testsuite hostname="UmaM" failures="0" tests="8" name="AuditCreate1.FullAuditFlowSplit" time="62.988" errors="0" timestamp="2025-08-06T15:53:48 IST" skipped="0">
  <testcase classname="AuditCreate1.FullAuditFlowSplit" name="loginUser" time="1.290"/>
  <testcase classname="AuditCreate1.FullAuditFlowSplit" name="createAudit" time="23.008"/>
  <testcase classname="AuditCreate1.FullAuditFlowSplit" name="registerUser" time="1.938"/>
  <testcase classname="AuditCreate1.FullAuditFlowSplit" name="registerUser" time="1.725"/>
  <testcase classname="AuditCreate1.FullAuditFlowSplit" name="goToDashboard" time="0.393"/>
  <testcase classname="AuditCreate1.FullAuditFlowSplit" name="goToDashboard" time="1.705"/>
  <testcase classname="AuditCreate1.FullAuditFlowSplit" name="createAudit" time="31.930"/>
  <testcase classname="AuditCreate1.FullAuditFlowSplit" name="loginUser" time="0.999"/>
</testsuite> <!-- AuditCreate1.FullAuditFlowSplit -->
